<?xml version="1.0" encoding="UTF-8"?>
<!-- Generated by org.testng.reporters.JUnitReportReporter -->
<testsuite hostname="DESKTOP-02HURVS" failures="0" tests="1" name="SampleTest" time="22.074" errors="0" timestamp="2024-04-16T12:38:09 IST" skipped="0">
  <testcase classname="SampleTest" name="sampleTest" time="22.074"/>
  <system-out/>
</testsuite> <!-- SampleTest -->
